1587370891373:help
1587370906119:создать
1587370919691:Тест
1587370926350:Сударь
1587370938894:Тестовое описание
1587371171882:создать
1587371177604:тест
1587371195733:сударь
1587371203400:Тестовое описание
1587371245798:создать
1587371248747:Тест
1587371253838:Сударь
1587371263145:Тестовое описание
1587371276167:stacktrace
1587371445414:создать
1587371448782:тест
1587371456431:Сударь
1587371464353:тестоваое описание
1587371468990:stacktrace
1587371590799:создать
1587371594856:тест
1587371599142:сударь
1587371610048:тестовое описание
1587371629247:stacktrace
1587371732358:создать
1587371736166:тест
1587371743070:сударь
1587371750457:Тестовое орисание
1587371757431:stacktrace
1587371882358:создать
1587371888990:Тестовое описание
1587371896519:сударыня
1587371900134:тест
1587372120223:создать
1587372122932:тест
1587372130050:Сударыня
1587372136620:тестовое описание
1587372264322:создать
1587372268342:тест
1587372274151:сударыня
1587372282331:тестовое описание
1587372377011:создать
1587372383850:тест
1587372398019:сударыня
1587372402837:тестовое описание
1587372468408:СОЗДАТЬ
1587372472159:создатб
1587372476302:создать
1587372482799:тест
1587372490495:сударыня
1587372493702:123
1587373397723:создать
1587373402567:тест
1587373407520:сударь
1587373415942:тестовое описание
1587373429317:войти
1587373432192:тест
1587373478535:войти
1587373482629:тест
1587373614532:войти
1587373616876:тест
1587373814250:войти
1587373818718:тест
1587373843140:создать
1587373845734:тест
1587373848812:сударь
1587373851718:тест
1587373855015:войти
1587373859000:тест
1587374162062:создать
1587374164609:тест
1587374173468:сударыня
1587374176171:тест
1587374181093:войти
1587374182999:тест
1587374743548:создать
1587374746049:тест
1587374753299:сударь
1587374754331:123
1587374758221:войти
1587374761049:тест
1587378151607:создать
1587378154279:тест
1587378160487:сударь
1587378169095:тест
1587378291959:войти
1587378295022:тест
1587380607322:войти
1587380613556:Чилибухан
1587380633284:stacktrace
1587381493448:войти
1587381496658:Чилибухан
1587381503777:влево
1587381611336:войти
1587381617508:Чилибухан
1587381622946:влево
1587381704963:stactrace
1587381708906:stacktrace
1587381717249:влево
1587381721506:stacktrace
1587381821400:войти
1587381828299:Чилибухан
1587381837817:влево
1587381879090:вправо
1587381882706:stacktrace
1587381901833:влево
1587382069151:войти
1587382070449:Чилибухан
1587382075304:влево
1587382166167:войти
1587382168848:Тест
1587382175328:войти
1587382187569:Чилибухан
1587382195383:влево
1587382273600:вправо
1587382428550:войти
1587382433755:Чилибухан
1587382440544:влево
1587382493768:вправо
1587382508376:stacktrace
1587382671542:влево
1587383036142:вправо
1587383167077:войти
1587383168063:Чилибухан
1587383200566:влево
1587383205342:вправо
1587383233023:stacktrace
1587383262535:вправо
1587383330709:войти
1587383336312:Чилибухан
1587383341813:влево
1587383344974:вправо
1587383481108:войти
1587383486304:Чилибухан
1587383492173:влево
1587383495550:вправо
1587383624357:войти
1587383631384:Чилибухан
1587383638365:Влево
1587383641543:влево
1587383645677:вправо
1587384087964:впарво
1587384091036:вправо
1587384107372:впарво
1587384110844:вправо
1587384176691:войти
1587384183718:Чилибухан
1587384194124:вправо
1587384552842:войти
1587384558509:Чилибухан
1587384565940:влево
1587384655138:войти
1587384659638:Чилибухан
1587384664427:влево
1587384676579:вправо
1587384848098:войти
1587384874149:Луковка
1587384879987:влево
1587384890395:вправо
1587385113241:войти
1587385122588:Чилибухан
1587385133265:влево
1587385142219:вправо
1587385291585:войти
1587385296268:Чилибухвн
1587385309026:войти
1587385314172:Чилибухан
1587385320898:влево
1587385366876:войти
1587385371989:Чилибухан
1587385376788:влево
1587385380179:вправо
1587385421537:войти
1587385425091:Луковка
1587385432610:влево
1587385435762:вправо
1587397408945:войти
1587397417888:Чилибухан
1587397428118:вправо
1587397443829:выйти
1587397448526:войти
1587397452886:Луковка
1587397459262:вправо
1587397465845:анкета
1587397471334:любимцы
1587397478095:stacktrace
1587397509422:любимцы
1587397577849:войти
1587397583481:Чилибухан
1587397622182:любимцы
1587397633452:0
1587397644118:выйти
1587397648511:войти
1587397651964:Луковка
1587397657278:вправо
1587397690962:выйти
1587397715927:войти
1587397717295:Тукуман
1587397723270:вправо
1587397734102:удвлить
1587397749013:удалить
1587397753017:stacktrace
1587397758622:help
1587397806533:войти
1587397807214:123
1587397819374:войти
1587397841263:Тукуман
1587397847798:удалить
1587397871112:stacktrace
1587398135721:выйти
1587398139350:уйти
1587398149374:help
1587398175917:войти
1587398181967:Чилибухан
1587398187317:вправо
1587398239278:войти
1587398246272:Чилибухан
1587398254470:войти
1587398257718:уйти
1587398270015:вправо
1587398286718:выйти
1587398294277:войти
1587398301282:Луковка
1587398308077:вправо
1587398324540:выйти
1587398329420:войти
1587398331453:Тукуман
1587398337399:вправо
1587398341095:удалить
1587398350792:stacktrace
1587398393006:удалить
1587398614446:войти
1587398618880:Чилибухан
1587398624704:удалить
1587398664533:войти
1587398668914:Луковка
1587398673997:вправо
1587398684041:удалить
1587398887143:влево
1587398891556:войти
1587398898627:Чилибухан
1587398905288:вправо
1587398921368:удалить
1587399100322:уйти
1587399102928:выйти
1587399115457:войти
1587399121546:Чилибухан
1587399129256:вправо
1587399145105:удалить
1587399253543:войти
1587399261602:Чилибухан
1587399266184:вправо
1587399286809:удалить
1587399507090:выйти
1587399511018:войти
1587399515901:Чилибухан
1587399524433:вправо
1587399543699:удалить
1587399840441:войти
1587399845474:Чилибухан
1587399851975:вправо
1587399865537:удалить
1587400125841:войти
1587400127010:123
1587400136481:войти
1587400143498:чилибухан
1587400149537:войти
1587400156243:Чилибухан
1587400162154:вправо
1587400167122:удалить
1587400344929:войти
1587400352668:Чилибухан
1587400358899:вправо
1587400362491:удалить
1587400461337:войти
1587400468203:Чилибухан
1587400473626:вправо
1587400490891:удалить
1587400519647:выйти
1587400531010:войти
1587400537688:Чилибухан
1587400543570:вправо
1587400551926:удалить
1587400616266:чя
1587400622735:выйти
1587400631171:войти
1587400637276:Чилибухан
1587400646501:вправо
1587400655195:удалить
1587400724411:выйти
1587400736882:войти
1587400742890:Чилибухан
1587400750179:вправо
1587400762219:удалить
1587403279438:войти
1587403284924:Брайн
1587403299800:войти
1587403305805:Брайан
1587403318022:вправо
1587403335431:удалить
1587403499810:Фрэнк
1587403505051:войти
1587403506521:Фрэнк
1587403524823:выйти
1587405058169:help
1587405077563:влево
1587405085891:войти
1587405090379:Фрэнк
1587405102517:вправо
1587405111410:выйти
1587405120902:войти
1587405122994:Клои
1587405127714:войти
1587405129770:Клои
1587405135194:вправо
1587405149155:любимцы
1587405154833:0
